Arguments: 
  /usr/bin/node /home/arnauld/.yarn/bin/yarn.js add @openfga/sdk

PATH: 
  /home/arnauld/.yarn/bin:/home/arnauld/.config/yarn/global/node_modules/.bin:/home/arnauld/.cargo/bin:/usr/local/sbin:/usr/local/bin:/usr/sbin:/usr/bin:/sbin:/bin:/usr/games:/usr/local/games:/usr/lib/wsl/lib:/mnt/c/Program Files/WindowsApps/CanonicalGroupLimited.Ubuntu18.04onWindows_1804.2020.827.0_x64__79rhkp1fndgsc:/mnt/c/Python310/Scripts/:/mnt/c/Python310/:/mnt/c/Program Files/AdoptOpenJDK/jdk-11.0.9.101-hotspot/bin:/mnt/c/Program Files (x86)/Common Files/Oracle/Java/javapath:/mnt/c/WINDOWS/system32:/mnt/c/WINDOWS:/mnt/c/WINDOWS/System32/Wbem:/mnt/c/WINDOWS/System32/WindowsPowerShell/v1.0/:/mnt/c/WINDOWS/System32/OpenSSH/:/mnt/c/Program Files/PuTTY/:/mnt/c/Program Files/Git/cmd:/mnt/c/Program Files (x86)/Pulse Secure/VC142.CRT/X64/:/mnt/c/Program Files (x86)/Pulse Secure/VC142.CRT/X86/:/mnt/c/Program Files/Docker/Docker/resources/bin:/mnt/c/ProgramData/DockerDesktop/version-bin:/mnt/c/Program Files/nodejs/:/mnt/c/ProgramData/chocolatey/bin:/mnt/c/Program Files (x86)/Common Files/Pulse Secure/TNC Client Plugin/:/mnt/c/Users/x2023576/AppData/Local/Microsoft/WindowsApps:/mnt/c/Users/x2023576/AppData/Local/Programs/Microsoft VS Code/bin:/mnt/c/Users/x2023576/AppData/Roaming/npm:/snap/bin

Yarn version: 
  1.22.19

Node version: 
  14.17.0

Platform: 
  linux x64

Trace: 
  Error: getaddrinfo EAI_AGAIN registry.yarnpkg.com
      at GetAddrInfoReqWrap.onlookup [as oncomplete] (dns.js:67:26)

npm manifest: 
  {
    "name": "fga-sandbox",
    "version": "1.0.0",
    "description": "Fine Grained Authorization Sandox",
    "main": "index.js",
    "author": "Arnauld",
    "license": "MIT"
  }

yarn manifest: 
  No manifest

Lockfile: 
  No lockfile
